Unsupposrted library path: C:\Users\Xrain\Desktop\Merchants\build\classes\java\api
Unsupposrted library path: C:\Users\Xrain\Desktop\Merchants\build\resources\api
Symbol range map extraction starting
Processing 187 files
startProcessing "com/momo/merchants/MoMoFramework.java" md5: 0287911dff2c5dc7e29539b691dff77f
endProcessing "com/momo/merchants/MoMoFramework.java"

startProcessing "com/momo/merchants/blocks/BlockBase.java" md5: f52d474dc863a2f8766c81884bab3849
endProcessing "com/momo/merchants/blocks/BlockBase.java"

startProcessing "com/momo/merchants/blocks/Furnitures/BlockExtractionDoorTest.java" md5: 348e6b7ba1156a63d556c669aa93a2db
endProcessing "com/momo/merchants/blocks/Furnitures/BlockExtractionDoorTest.java"

startProcessing "com/momo/merchants/blocks/ModBlocks.java" md5: f75e9e62cf1f7a438880821ba2de55f2
endProcessing "com/momo/merchants/blocks/ModBlocks.java"

startProcessing "com/momo/merchants/blocks/blockBasic/BlockDeboomOrb.java" md5: a925df9a0365535aa25c6e41a3adfb91
endProcessing "com/momo/merchants/blocks/blockBasic/BlockDeboomOrb.java"

startProcessing "com/momo/merchants/blocks/blockBasic/BlockGeneralOrb.java" md5: 217c579442850a7679b90a8cba8bb456
endProcessing "com/momo/merchants/blocks/blockBasic/BlockGeneralOrb.java"

startProcessing "com/momo/merchants/blocks/blockBasic/BlockNullifyOrb.java" md5: d8c5ae73005297ca690b0c195b596cd1
endProcessing "com/momo/merchants/blocks/blockBasic/BlockNullifyOrb.java"

startProcessing "com/momo/merchants/blocks/blockBasic/DivineOre.java" md5: 474b8da9dfbab85c53809908fc4530b9
endProcessing "com/momo/merchants/blocks/blockBasic/DivineOre.java"

startProcessing "com/momo/merchants/blocks/blockBasic/ModBlockGlassBase.java" md5: 53707d9d149400e46dd36be601f93547
endProcessing "com/momo/merchants/blocks/blockBasic/ModBlockGlassBase.java"

startProcessing "com/momo/merchants/blocks/blockBasic/PureOre.java" md5: 1b9cafdec5e1554144227106d2abf136
endProcessing "com/momo/merchants/blocks/blockBasic/PureOre.java"

startProcessing "com/momo/merchants/blocks/blockBush/BlockPlant.java" md5: 7db046fade70592a6b29a5e3f98e5f5e
endProcessing "com/momo/merchants/blocks/blockBush/BlockPlant.java"

startProcessing "com/momo/merchants/blocks/builder/BlockBuilderBase.java" md5: 422e0e9e235b48309051d9148959eebc
endProcessing "com/momo/merchants/blocks/builder/BlockBuilderBase.java"

startProcessing "com/momo/merchants/blocks/builder/BlockBuilderOne.java" md5: c5452344f595d4a022e1e3801e98b5ea
endProcessing "com/momo/merchants/blocks/builder/BlockBuilderOne.java"

startProcessing "com/momo/merchants/blocks/tileEntity/builder/TileEntityBuilderBase.java" md5: 9bc4701db4261ce6d3f1f00adb7df147
endProcessing "com/momo/merchants/blocks/tileEntity/builder/TileEntityBuilderBase.java"

startProcessing "com/momo/merchants/blocks/tileEntity/builder/TileEntityBuilderOne.java" md5: a8640c1c9f82bb66e72ba7b59e276208
endProcessing "com/momo/merchants/blocks/tileEntity/builder/TileEntityBuilderOne.java"

startProcessing "com/momo/merchants/blocks/tileEntity/builder/builderAction/BuilderActionBase.java" md5: ceb75be1f0f66d2533bedd23eb8cf201
endProcessing "com/momo/merchants/blocks/tileEntity/builder/builderAction/BuilderActionBase.java"

startProcessing "com/momo/merchants/blocks/tileEntity/builder/builderAction/BuilderActionBlock.java" md5: ccd04cbee1fa4e581da059fd52a743a3
endProcessing "com/momo/merchants/blocks/tileEntity/builder/builderAction/BuilderActionBlock.java"

startProcessing "com/momo/merchants/blocks/tileEntity/builder/builderAction/BuilderActionBlockBrutal.java" md5: 6d7f3d517155eb769e04c9e6bd6715ca
endProcessing "com/momo/merchants/blocks/tileEntity/builder/builderAction/BuilderActionBlockBrutal.java"

startProcessing "com/momo/merchants/blocks/tileEntity/builder/builderAction/BuilderActionBlockSafe.java" md5: 64fa67c52840244760770a6139cbf9f7
endProcessing "com/momo/merchants/blocks/tileEntity/builder/builderAction/BuilderActionBlockSafe.java"

startProcessing "com/momo/merchants/blocks/tileEntity/builder/builderAction/BuilderActionSummonEntity.java" md5: 1d6ec339bc653fd91b8dcd85e9135cd7
endProcessing "com/momo/merchants/blocks/tileEntity/builder/builderAction/BuilderActionSummonEntity.java"

startProcessing "com/momo/merchants/blocks/tileEntity/orbs/TileEntityDeArrowOrb.java" md5: e40bc95e3101f52c7d20c5fb744ce419
endProcessing "com/momo/merchants/blocks/tileEntity/orbs/TileEntityDeArrowOrb.java"

startProcessing "com/momo/merchants/blocks/tileEntity/orbs/TileEntityDeBoomOrb.java" md5: 6cb852db2921e448abeb393945c17902
endProcessing "com/momo/merchants/blocks/tileEntity/orbs/TileEntityDeBoomOrb.java"

startProcessing "com/momo/merchants/blocks/tileEntity/orbs/TileEntityEarthMender.java" md5: 2c9a499897c6ed950a7dffccf04a8ff7
endProcessing "com/momo/merchants/blocks/tileEntity/orbs/TileEntityEarthMender.java"

startProcessing "com/momo/merchants/blocks/tileEntity/orbs/TileEntityNullifyOrb.java" md5: 93f14b3ef6e7fa2a2b16e2995028527d
endProcessing "com/momo/merchants/blocks/tileEntity/orbs/TileEntityNullifyOrb.java"

startProcessing "com/momo/merchants/blocks/tileEntity/orbs/TileEntityNullifyOrbMor.java" md5: 69f658cb69f6d93777b236720b8600e0
endProcessing "com/momo/merchants/blocks/tileEntity/orbs/TileEntityNullifyOrbMor.java"

startProcessing "com/momo/merchants/blocks/tileEntity/orbs/TileEntityOrbBase.java" md5: 3b301dff6712c6fbff02855064f6277a
endProcessing "com/momo/merchants/blocks/tileEntity/orbs/TileEntityOrbBase.java"

startProcessing "com/momo/merchants/command/CommandDimTeleport.java" md5: 3954aff42f3f7820de3573afca1881e3
endProcessing "com/momo/merchants/command/CommandDimTeleport.java"

startProcessing "com/momo/merchants/command/ModCommands.java" md5: fe38b514d0b5bb85f9cf8119fe2dfe4d
endProcessing "com/momo/merchants/command/ModCommands.java"

startProcessing "com/momo/merchants/enchantments/ModEnchantmentBase.java" md5: 6cc2a769bd402a55892d3a2117a285ba
endProcessing "com/momo/merchants/enchantments/ModEnchantmentBase.java"

startProcessing "com/momo/merchants/enchantments/ModEnchantmentInit.java" md5: 53a5c7c5d526c629ae80b4cc0831827a
endProcessing "com/momo/merchants/enchantments/ModEnchantmentInit.java"

startProcessing "com/momo/merchants/enchantments/ModEnchantmentProtection.java" md5: 90c136a7dab0289eb27378c408194a82
endProcessing "com/momo/merchants/enchantments/ModEnchantmentProtection.java"

startProcessing "com/momo/merchants/entity/BuildingCore.java" md5: 2c1f90d82351a9980e5f698a8b9f8b04
endProcessing "com/momo/merchants/entity/BuildingCore.java"

startProcessing "com/momo/merchants/entity/ModEntityInit.java" md5: afd222f815f73f4abd5a2b23d83fddde
endProcessing "com/momo/merchants/entity/ModEntityInit.java"

startProcessing "com/momo/merchants/entity/RenderHandler.java" md5: d77873de765601a7848bd26f8bf9288f
endProcessing "com/momo/merchants/entity/RenderHandler.java"

startProcessing "com/momo/merchants/entity/creatures/EntityModUnit.java" md5: ed1852eee983ff7dc6eb45f4e4f78988
endProcessing "com/momo/merchants/entity/creatures/EntityModUnit.java"

startProcessing "com/momo/merchants/entity/creatures/Villager/VillagerRegistryHandler.java" md5: 4f530db326f3a287089b48c37881b629
endProcessing "com/momo/merchants/entity/creatures/Villager/VillagerRegistryHandler.java"

startProcessing "com/momo/merchants/entity/creatures/ai/BulletMode.java" md5: e5be79700cf4daf184d591f926e4de49
endProcessing "com/momo/merchants/entity/creatures/ai/BulletMode.java"

startProcessing "com/momo/merchants/entity/creatures/ai/EntityAIAttackRangedSniper.java" md5: 12e79b6a23e600879d6ffaf85914b374
endProcessing "com/momo/merchants/entity/creatures/ai/EntityAIAttackRangedSniper.java"

startProcessing "com/momo/merchants/entity/creatures/ai/EntityAIBulletAttack.java" md5: 045bc712e47dd4c5c652522e99edfeaf
endProcessing "com/momo/merchants/entity/creatures/ai/EntityAIBulletAttack.java"

startProcessing "com/momo/merchants/entity/creatures/ai/EntityAIStrafeRangedAttack.java" md5: 71add90b03380833ca8f2b515d6dd97c
endProcessing "com/momo/merchants/entity/creatures/ai/EntityAIStrafeRangedAttack.java"

startProcessing "com/momo/merchants/entity/creatures/ai/EntityAITurretAttack.java" md5: 642beaf8d2f7f556beefcc0d10a11e5c
endProcessing "com/momo/merchants/entity/creatures/ai/EntityAITurretAttack.java"

startProcessing "com/momo/merchants/entity/creatures/ai/RangedAttackArguments.java" md5: a9c50beeedf5e72ba277317aa33aa7f4
endProcessing "com/momo/merchants/entity/creatures/ai/RangedAttackArguments.java"

startProcessing "com/momo/merchants/entity/creatures/buildings/EntityIdlBuildingBase.java" md5: 5eb328dba87927524dabfda970e53ee0
endProcessing "com/momo/merchants/entity/creatures/buildings/EntityIdlBuildingBase.java"

startProcessing "com/momo/merchants/entity/creatures/buildings/EntityIdlBuildingRoom.java" md5: 95337d4dcadf48e258f9dfb0dd02195e
endProcessing "com/momo/merchants/entity/creatures/buildings/EntityIdlBuildingRoom.java"

startProcessing "com/momo/merchants/entity/projectiles/EntityIdlProjectile.java" md5: a946968aa41acdc93ce19d5186b5e173
endProcessing "com/momo/merchants/entity/projectiles/EntityIdlProjectile.java"

startProcessing "com/momo/merchants/entity/projectiles/ProjectileArgs.java" md5: 84045cc00c9e7641d7f19460fe298d4f
endProcessing "com/momo/merchants/entity/projectiles/ProjectileArgs.java"

startProcessing "com/momo/merchants/events/ModStarterEvents.java" md5: 434b444e224ac57dba48f600585a6117
endProcessing "com/momo/merchants/events/ModStarterEvents.java"

startProcessing "com/momo/merchants/gui/ModGuiElementLoader.java" md5: d93f20a0b60a75f9e6c7b29b737c2b07
endProcessing "com/momo/merchants/gui/ModGuiElementLoader.java"

startProcessing "com/momo/merchants/gui/expOne/ContainerDemo.java" md5: dbe36a3d4dfb6ffa97993c20f8b9aa5b
endProcessing "com/momo/merchants/gui/expOne/ContainerDemo.java"

startProcessing "com/momo/merchants/gui/expOne/GuiContainerDemo.java" md5: c9a48236b93eaa682ef7aea3bb3976a2
endProcessing "com/momo/merchants/gui/expOne/GuiContainerDemo.java"

startProcessing "com/momo/merchants/init/InitBiome.java" md5: 39397ec846e5fc33d65ba53062920b8b
endProcessing "com/momo/merchants/init/InitBiome.java"

startProcessing "com/momo/merchants/init/InitDimension.java" md5: 665921a6845989549bc9297853e052ed
endProcessing "com/momo/merchants/init/InitDimension.java"

startProcessing "com/momo/merchants/init/ModAchivements.java" md5: af9ac0a287fee9c4f186a876987fb3ac
endProcessing "com/momo/merchants/init/ModAchivements.java"

startProcessing "com/momo/merchants/init/ModAnvilEvents.java" md5: 9a10e3f4b02c86e3a36e361c189c74d9
endProcessing "com/momo/merchants/init/ModAnvilEvents.java"

startProcessing "com/momo/merchants/init/ModConfig.java" md5: 423371d5186dd9bdf561e0145ea40c46
endProcessing "com/momo/merchants/init/ModConfig.java"

startProcessing "com/momo/merchants/init/ModCreativeTab.java" md5: 79b7cb2ecaf904e582d69012f022e626
endProcessing "com/momo/merchants/init/ModCreativeTab.java"

startProcessing "com/momo/merchants/init/ModLootList.java" md5: c6332c1281a16d4e01ffb4b39f2e26f2
endProcessing "com/momo/merchants/init/ModLootList.java"

startProcessing "com/momo/merchants/init/ModMerchantRecipes.java" md5: 38be7b611201c371c5c1b2c6b16e9a5a
endProcessing "com/momo/merchants/init/ModMerchantRecipes.java"

startProcessing "com/momo/merchants/init/ModRecipes.java" md5: cb3cc22570ff0c4481403ec64d00d2d5
endProcessing "com/momo/merchants/init/ModRecipes.java"

startProcessing "com/momo/merchants/init/ModSpawn.java" md5: 5370247ef17f0196eafd57e8ffcc91a2
endProcessing "com/momo/merchants/init/ModSpawn.java"

startProcessing "com/momo/merchants/init/RegistryHandler.java" md5: adbec1f2e4f6ffd0b7787bedf55e966d
endProcessing "com/momo/merchants/init/RegistryHandler.java"

startProcessing "com/momo/merchants/item/IGuaEnhance.java" md5: 7f9c5d948a4f1576ba14b8a5c5574966
endProcessing "com/momo/merchants/item/IGuaEnhance.java"

startProcessing "com/momo/merchants/item/ItemAdaptingBase.java" md5: 4512c7496fcbfd6ab187f553f6e03281
endProcessing "com/momo/merchants/item/ItemAdaptingBase.java"

startProcessing "com/momo/merchants/item/ItemArmorBase.java" md5: ed39f3ed631cd9f458064333da1e0375
endProcessing "com/momo/merchants/item/ItemArmorBase.java"

startProcessing "com/momo/merchants/item/ItemAxeBase.java" md5: 1516f7c94309feb8a2732a9b28a2c300
endProcessing "com/momo/merchants/item/ItemAxeBase.java"

startProcessing "com/momo/merchants/item/ItemBase.java" md5: 0bc1324d4a76fa3b2d5dfbf22f9f71b9
endProcessing "com/momo/merchants/item/ItemBase.java"

startProcessing "com/momo/merchants/item/ItemDebug.java" md5: c69b30b1b9268b859284a4f9ce0cc5d8
endProcessing "com/momo/merchants/item/ItemDebug.java"

startProcessing "com/momo/merchants/item/ItemHoeBase.java" md5: 1fdd5d4c1a97811d4aa446964f432d2f
endProcessing "com/momo/merchants/item/ItemHoeBase.java"

startProcessing "com/momo/merchants/item/ItemPickaxeBase.java" md5: f4dc82627c99fdc2d6a091beac351835
endProcessing "com/momo/merchants/item/ItemPickaxeBase.java"

startProcessing "com/momo/merchants/item/ItemSpadeBase.java" md5: a9c5294c3fd90b082c444f42116d7aa6
endProcessing "com/momo/merchants/item/ItemSpadeBase.java"

startProcessing "com/momo/merchants/item/ItemSwordBase.java" md5: d27d710f324ad27628312d6bc481d9e2
endProcessing "com/momo/merchants/item/ItemSwordBase.java"

startProcessing "com/momo/merchants/item/ModItems.java" md5: dfd5b4e960d1cede985cc1bbf2e3e8d1
endProcessing "com/momo/merchants/item/ModItems.java"

startProcessing "com/momo/merchants/item/armorMaterials/ModArmorMaterial.java" md5: 225fc2798e8a99f088dbc623db28ab48
endProcessing "com/momo/merchants/item/armorMaterials/ModArmorMaterial.java"

startProcessing "com/momo/merchants/item/consumables/ItemConsumableBase.java" md5: 5e484431cd32944947a519ee742cb819
endProcessing "com/momo/merchants/item/consumables/ItemConsumableBase.java"

startProcessing "com/momo/merchants/item/consumables/ItemFightBread.java" md5: ab60bbfedd861191356955c4f0360ed5
endProcessing "com/momo/merchants/item/consumables/ItemFightBread.java"

startProcessing "com/momo/merchants/item/consumables/ItemLevelUpBadge.java" md5: f3ac7dad8f16d0d88de69786df0d9006
endProcessing "com/momo/merchants/item/consumables/ItemLevelUpBadge.java"

startProcessing "com/momo/merchants/item/consumables/ItemPowerUpModular.java" md5: 0b521c8cd44085d0009ee2f45f2dfc03
endProcessing "com/momo/merchants/item/consumables/ItemPowerUpModular.java"

startProcessing "com/momo/merchants/item/consumables/ItemPowerUpModularPercent.java" md5: 20bb822e4b6fc16a83e0ebbf1ecdd190
endProcessing "com/momo/merchants/item/consumables/ItemPowerUpModularPercent.java"

startProcessing "com/momo/merchants/item/consumables/ItemRainCall.java" md5: 73952523c0ca11c8a6f168fcab4f6575
endProcessing "com/momo/merchants/item/consumables/ItemRainCall.java"

startProcessing "com/momo/merchants/item/consumables/autoConsume/ItemAutoConsumeBase.java" md5: 89c6f8a437ccf676355b30697e70570a
endProcessing "com/momo/merchants/item/consumables/autoConsume/ItemAutoConsumeBase.java"

startProcessing "com/momo/merchants/item/consumables/autoConsume/ItemAutoConsumeHeal.java" md5: 367152d00057e1baa6bac4982429f405
endProcessing "com/momo/merchants/item/consumables/autoConsume/ItemAutoConsumeHeal.java"

startProcessing "com/momo/merchants/item/food/ItemFoodBase.java" md5: fe5124a8e05ad2d54eb3dbcce017ba33
endProcessing "com/momo/merchants/item/food/ItemFoodBase.java"

startProcessing "com/momo/merchants/item/goblet/ItemDigGoblet.java" md5: 99fec1eb36d936dba51acbde79cde3eb
endProcessing "com/momo/merchants/item/goblet/ItemDigGoblet.java"

startProcessing "com/momo/merchants/item/goblet/ItemFlameGoblet.java" md5: ef8cd7379943528c25f57b007901eaa0
endProcessing "com/momo/merchants/item/goblet/ItemFlameGoblet.java"

startProcessing "com/momo/merchants/item/goblet/ItemGobletBase.java" md5: cd36b845823853c0aee2b9bddc94c1f3
endProcessing "com/momo/merchants/item/goblet/ItemGobletBase.java"

startProcessing "com/momo/merchants/item/goblet/ItemHealGoblet.java" md5: d6dcbcb144fe2d7aa3fbaa481198607c
endProcessing "com/momo/merchants/item/goblet/ItemHealGoblet.java"

startProcessing "com/momo/merchants/item/goblet/ItemKnockBackGoblet.java" md5: 37691c2a7033b4366530fc63e88a2262
endProcessing "com/momo/merchants/item/goblet/ItemKnockBackGoblet.java"

startProcessing "com/momo/merchants/item/goblet/ItemP2WGoblet.java" md5: ac129fd76ccca3d5a8add15bc8102462
endProcessing "com/momo/merchants/item/goblet/ItemP2WGoblet.java"

startProcessing "com/momo/merchants/item/goblet/ItemWaterGoblet.java" md5: 644ee9e9465ac6deeda6b11e3887d9fc
endProcessing "com/momo/merchants/item/goblet/ItemWaterGoblet.java"

startProcessing "com/momo/merchants/item/misc/ItemAttrMeasure.java" md5: 78c340b3242fbe694a9610420b1200a0
endProcessing "com/momo/merchants/item/misc/ItemAttrMeasure.java"

startProcessing "com/momo/merchants/item/misc/ItemBasicBinary.java" md5: d16a6478c308eb526dd2f9bdaf914efd
endProcessing "com/momo/merchants/item/misc/ItemBasicBinary.java"

startProcessing "com/momo/merchants/item/misc/ItemBasicGua.java" md5: 3d99527570fc3e68db2499dbff86fd3a
endProcessing "com/momo/merchants/item/misc/ItemBasicGua.java"

startProcessing "com/momo/merchants/item/misc/ItemKinshipSword.java" md5: 585e068de42d0d213c9607703425d828
endProcessing "com/momo/merchants/item/misc/ItemKinshipSword.java"

startProcessing "com/momo/merchants/item/misc/ItemNanoMender.java" md5: 6ba32990d22d7734017ca0ce17a3da3d
endProcessing "com/momo/merchants/item/misc/ItemNanoMender.java"

startProcessing "com/momo/merchants/item/misc/ItemPackage.java" md5: 462a887faa6f7e843b777cc2ea510123
endProcessing "com/momo/merchants/item/misc/ItemPackage.java"

startProcessing "com/momo/merchants/item/misc/ItemSpaceAnchor.java" md5: fe2c8bcc1dc8d253b4bf66aad5c767d6
endProcessing "com/momo/merchants/item/misc/ItemSpaceAnchor.java"

startProcessing "com/momo/merchants/item/misc/ItemSummon.java" md5: c73834ad9ddeda544a05918a9f7ac822
endProcessing "com/momo/merchants/item/misc/ItemSummon.java"

startProcessing "com/momo/merchants/item/misc/ItemYiJianMei.java" md5: 1ebc5be0ec41ba761e782b826984a184
endProcessing "com/momo/merchants/item/misc/ItemYiJianMei.java"

startProcessing "com/momo/merchants/item/misc/armor/ItemArmorUnderfootGeta.java" md5: 7da6d0c20ef444aad57f00982f62e392
endProcessing "com/momo/merchants/item/misc/armor/ItemArmorUnderfootGeta.java"

startProcessing "com/momo/merchants/item/misc/armor/ItemArmorXieGeta.java" md5: 6bad298bb653e0008ad6417506a05062
endProcessing "com/momo/merchants/item/misc/armor/ItemArmorXieGeta.java"

startProcessing "com/momo/merchants/item/potions/ModPotionType.java" md5: b045178f1e9a418faa959e78593f35ea
endProcessing "com/momo/merchants/item/potions/ModPotionType.java"

startProcessing "com/momo/merchants/item/potions/PotionTypeBase.java" md5: fe282731879c0009b047324f3a09f0d5
endProcessing "com/momo/merchants/item/potions/PotionTypeBase.java"

startProcessing "com/momo/merchants/item/skills/ItemCreatureRadar.java" md5: d78851bc2d04a71a026ff498ef31f972
endProcessing "com/momo/merchants/item/skills/ItemCreatureRadar.java"

startProcessing "com/momo/merchants/item/skills/ItemHateDetector.java" md5: 95c68bb3c744951e2972614e337490ee
endProcessing "com/momo/merchants/item/skills/ItemHateDetector.java"

startProcessing "com/momo/merchants/item/skills/ItemMirrorWork.java" md5: 8d7f67ac90a59083ae33f87f19b5aff0
endProcessing "com/momo/merchants/item/skills/ItemMirrorWork.java"

startProcessing "com/momo/merchants/item/skills/ItemSkillAquireItems.java" md5: 30f78a5f3c0ea25de2ed045407bde064
endProcessing "com/momo/merchants/item/skills/ItemSkillAquireItems.java"

startProcessing "com/momo/merchants/item/skills/ItemSkillAttackBoost.java" md5: 4d8462e62bc3dba2d5395f451ee09070
endProcessing "com/momo/merchants/item/skills/ItemSkillAttackBoost.java"

startProcessing "com/momo/merchants/item/skills/ItemSkillBase.java" md5: eb97bec637477cc4c8aa03313ecf1e67
endProcessing "com/momo/merchants/item/skills/ItemSkillBase.java"

startProcessing "com/momo/merchants/item/skills/ItemSkillBlessedArmor.java" md5: 7838d3a66d679102f06e8e22dfe04ca3
endProcessing "com/momo/merchants/item/skills/ItemSkillBlessedArmor.java"

startProcessing "com/momo/merchants/item/skills/ItemSkillBulletStrike.java" md5: c4a9f0ff8c8e3411d55eaad8e8db0211
endProcessing "com/momo/merchants/item/skills/ItemSkillBulletStrike.java"

startProcessing "com/momo/merchants/item/skills/ItemSkillCloneBlock.java" md5: a1c05e3da86962c54307ff2f71213deb
endProcessing "com/momo/merchants/item/skills/ItemSkillCloneBlock.java"

startProcessing "com/momo/merchants/item/skills/ItemSkillCloneEgg.java" md5: 159c92c0eab8ad15bb69014c42ee0aae
endProcessing "com/momo/merchants/item/skills/ItemSkillCloneEgg.java"

startProcessing "com/momo/merchants/item/skills/ItemSkillDecodeItem.java" md5: b5098ca841e1d265b47225b93ae7ad13
endProcessing "com/momo/merchants/item/skills/ItemSkillDecodeItem.java"

startProcessing "com/momo/merchants/item/skills/ItemSkillExperienceDamageAbsorption.java" md5: d875ee6e0145caf3134253f42ea3a888
endProcessing "com/momo/merchants/item/skills/ItemSkillExperienceDamageAbsorption.java"

startProcessing "com/momo/merchants/item/skills/ItemSkillExperiencePrideShield.java" md5: 1caea525bb3e3a238b635571c436ed23
endProcessing "com/momo/merchants/item/skills/ItemSkillExperiencePrideShield.java"

startProcessing "com/momo/merchants/item/skills/ItemSkillExperienceStrike.java" md5: bc4e91bd80d8e8b365699e3cb3079263
endProcessing "com/momo/merchants/item/skills/ItemSkillExperienceStrike.java"

startProcessing "com/momo/merchants/item/skills/ItemSkillFireBall.java" md5: 188cdd282fe0ffd548946a5cb9f77486
endProcessing "com/momo/merchants/item/skills/ItemSkillFireBall.java"

startProcessing "com/momo/merchants/item/skills/ItemSkillFireBlast.java" md5: 389a6216829447990df54936cbe688c3
endProcessing "com/momo/merchants/item/skills/ItemSkillFireBlast.java"

startProcessing "com/momo/merchants/item/skills/ItemSkillGambit.java" md5: 8e9f5d1d95600b0120acc06132f94eaa
endProcessing "com/momo/merchants/item/skills/ItemSkillGambit.java"

startProcessing "com/momo/merchants/item/skills/ItemSkillModListStrike.java" md5: 6d0deaa0d7ae323a59e3eda1bbe9f87f
endProcessing "com/momo/merchants/item/skills/ItemSkillModListStrike.java"

startProcessing "com/momo/merchants/item/skills/ItemSkillRepairArmor.java" md5: 4b17d80543b3c0d4141ae1ae7d65856f
endProcessing "com/momo/merchants/item/skills/ItemSkillRepairArmor.java"

startProcessing "com/momo/merchants/item/skills/ItemSkillSacrifce2020.java" md5: de8c017753e3d45ba759e6d949d31616
endProcessing "com/momo/merchants/item/skills/ItemSkillSacrifce2020.java"

startProcessing "com/momo/merchants/item/skills/ItemSkillSheepTransform.java" md5: b336c06fdfa442447f0f4cf383794bac
endProcessing "com/momo/merchants/item/skills/ItemSkillSheepTransform.java"

startProcessing "com/momo/merchants/item/skills/ItemSkillTauntNearby.java" md5: e5994a170ba7f1390b4d9e8c3dd16afe
endProcessing "com/momo/merchants/item/skills/ItemSkillTauntNearby.java"

startProcessing "com/momo/merchants/item/skills/ItemSkillTauntNearbyToGiven.java" md5: 908bde3aba64a10f53a9baf988cf355f
endProcessing "com/momo/merchants/item/skills/ItemSkillTauntNearbyToGiven.java"

startProcessing "com/momo/merchants/item/skills/ItemSkillThunderFall.java" md5: 6560430528dd730705a5789adca2ce17
endProcessing "com/momo/merchants/item/skills/ItemSkillThunderFall.java"

startProcessing "com/momo/merchants/item/skills/ItemSkillTimeCutFixed.java" md5: 3c3bebf2a6a321f8638a17a5851bb214
endProcessing "com/momo/merchants/item/skills/ItemSkillTimeCutFixed.java"

startProcessing "com/momo/merchants/item/skills/ItemSkillTimeCutPercent.java" md5: 7f1bb44373f303476332e1e251ea3318
endProcessing "com/momo/merchants/item/skills/ItemSkillTimeCutPercent.java"

startProcessing "com/momo/merchants/item/skills/ItemSkillVanquishWeak.java" md5: c21c96bce0871e883da8fcdbf50faf12
endProcessing "com/momo/merchants/item/skills/ItemSkillVanquishWeak.java"

startProcessing "com/momo/merchants/item/skills/ItemSkillWindWalk.java" md5: 4bfbfb656f1313189947110a4804e1b2
endProcessing "com/momo/merchants/item/skills/ItemSkillWindWalk.java"

startProcessing "com/momo/merchants/item/skills/arknights/ItemArknightsSkillBase.java" md5: cc06e64451d4a15b0042d97cc44f97d2
endProcessing "com/momo/merchants/item/skills/arknights/ItemArknightsSkillBase.java"

startProcessing "com/momo/merchants/item/skills/arknights/ItemSkillTrueSL.java" md5: a419bd6a2a410192cb4b448866576daa
endProcessing "com/momo/merchants/item/skills/arknights/ItemSkillTrueSL.java"

startProcessing "com/momo/merchants/item/skills/arrowrain/ItemSkillArrowRainBase.java" md5: 4db0fca6c426d7b59ff7e938270eea11
endProcessing "com/momo/merchants/item/skills/arrowrain/ItemSkillArrowRainBase.java"

startProcessing "com/momo/merchants/item/skills/martial/BuffTuple.java" md5: d6a754d8c68e2e1ef6b5b75719e76708
endProcessing "com/momo/merchants/item/skills/martial/BuffTuple.java"

startProcessing "com/momo/merchants/item/skills/martial/ItemSkillGuaPalm.java" md5: dc7b06e2611e5ea36088a2b82af92667
endProcessing "com/momo/merchants/item/skills/martial/ItemSkillGuaPalm.java"

startProcessing "com/momo/merchants/item/skills/martial/ItemSkillMartialAttack.java" md5: 99a4fb36c68d42aa3f1660de979be797
endProcessing "com/momo/merchants/item/skills/martial/ItemSkillMartialAttack.java"

startProcessing "com/momo/merchants/keys/KeyboardManager.java" md5: df2dda2051bf0b3cb472ce9e4dbe250c
endProcessing "com/momo/merchants/keys/KeyboardManager.java"

startProcessing "com/momo/merchants/keys/ModKeyBinding.java" md5: 0828304415dae34c96a94d2de64ba6f7
endProcessing "com/momo/merchants/keys/ModKeyBinding.java"

startProcessing "com/momo/merchants/meta/MetaUtil.java" md5: b7e5d7e569a3aaaffd79fe706e31401c
endProcessing "com/momo/merchants/meta/MetaUtil.java"

startProcessing "com/momo/merchants/network/NetworkHandler.java" md5: bbe274ea975567c0aa867f6112e584a6
endProcessing "com/momo/merchants/network/NetworkHandler.java"

startProcessing "com/momo/merchants/network/protocols/PacketTest.java" md5: a93290d575325882c5d685bfccf0691e
endProcessing "com/momo/merchants/network/protocols/PacketTest.java"

startProcessing "com/momo/merchants/potion/InstantPotion.java" md5: da10d7ae46484a0856a6870b6a6632f4
endProcessing "com/momo/merchants/potion/InstantPotion.java"

startProcessing "com/momo/merchants/potion/ModPotion.java" md5: 40e9d9481b42ee392541ee399feedf7c
endProcessing "com/momo/merchants/potion/ModPotion.java"

startProcessing "com/momo/merchants/potion/PotionBase.java" md5: 0ffa2a6066dee6c26a40328f7bd93e32
endProcessing "com/momo/merchants/potion/PotionBase.java"

startProcessing "com/momo/merchants/proxy/ClientProxy.java" md5: 8d506ae77dad4f7c1d190a971d9249a1
endProcessing "com/momo/merchants/proxy/ClientProxy.java"

startProcessing "com/momo/merchants/proxy/ProxyBase.java" md5: 367d37b9cc179ce954f2f6fc88fdd12b
endProcessing "com/momo/merchants/proxy/ProxyBase.java"

startProcessing "com/momo/merchants/proxy/ServerProxy.java" md5: d939366f7a72e580ac77c4572a504e49
endProcessing "com/momo/merchants/proxy/ServerProxy.java"

startProcessing "com/momo/merchants/recipe/special/BasicGua8.java" md5: 3db2485b10da91fb57468befc4141161
endProcessing "com/momo/merchants/recipe/special/BasicGua8.java"

startProcessing "com/momo/merchants/recipe/special/GobletDigBlockAssign.java" md5: 0271b25105472da55637ba32b94aa365
endProcessing "com/momo/merchants/recipe/special/GobletDigBlockAssign.java"

startProcessing "com/momo/merchants/recipe/special/GobletFill.java" md5: 2420b4d28c5d39730f18ac65deed795b
endProcessing "com/momo/merchants/recipe/special/GobletFill.java"

startProcessing "com/momo/merchants/recipe/special/GuaEnhanceByCrafting.java" md5: fee1edc6c247968841a089328ad450b1
endProcessing "com/momo/merchants/recipe/special/GuaEnhanceByCrafting.java"

startProcessing "com/momo/merchants/recipe/special/SkillUpgrade.java" md5: 1a6a4148872ef9c69ef7e718fef621a8
endProcessing "com/momo/merchants/recipe/special/SkillUpgrade.java"

startProcessing "com/momo/merchants/util/AchvDef.java" md5: 62429b9df3a7854f81ae4a150b46795d
endProcessing "com/momo/merchants/util/AchvDef.java"

startProcessing "com/momo/merchants/util/CommonDef.java" md5: 3cbecf9a6a829609dd5afd681b8a6c40
endProcessing "com/momo/merchants/util/CommonDef.java"

startProcessing "com/momo/merchants/util/CommonFunctions.java" md5: eec324bf7d2c436a8415cdf19399cbe2
endProcessing "com/momo/merchants/util/CommonFunctions.java"

startProcessing "com/momo/merchants/util/EntityUtil.java" md5: 3fd3ae7afe6fe7380aa4e159436e59c2
endProcessing "com/momo/merchants/util/EntityUtil.java"

startProcessing "com/momo/merchants/util/IDLGeneral.java" md5: 1a29272669b2da70bce52b558d94df02
endProcessing "com/momo/merchants/util/IDLGeneral.java"

startProcessing "com/momo/merchants/util/IDLNBT.java" md5: 3fc5bd20e107df85ba5370a6831f2bf8
endProcessing "com/momo/merchants/util/IDLNBT.java"

startProcessing "com/momo/merchants/util/IDLSkillNBT.java" md5: 6ebe9c1abc0880ece54635e976f472ad
endProcessing "com/momo/merchants/util/IDLSkillNBT.java"

startProcessing "com/momo/merchants/util/IHasModel.java" md5: 3822f99f3050b05fa9b988956b3efaea
endProcessing "com/momo/merchants/util/IHasModel.java"

startProcessing "com/momo/merchants/util/MessageDef.java" md5: 045118019d8dc92ffe9f5945a3cec9ff
endProcessing "com/momo/merchants/util/MessageDef.java"

startProcessing "com/momo/merchants/util/ModSoundHandler.java" md5: c072b6da2a00e28cde3bdf1757761b9f
endProcessing "com/momo/merchants/util/ModSoundHandler.java"

startProcessing "com/momo/merchants/util/NBTStrDef/IDLNBTDef.java" md5: c423eaba571ea730582889ee205524b0
endProcessing "com/momo/merchants/util/NBTStrDef/IDLNBTDef.java"

startProcessing "com/momo/merchants/util/NBTStrDef/IDLNBTUtil.java" md5: 71b0835e5d65c078fd5094201c47170d
endProcessing "com/momo/merchants/util/NBTStrDef/IDLNBTUtil.java"

startProcessing "com/momo/merchants/util/PlayerUtil.java" md5: 669af530da2a7d7902a9a1382f87a478
endProcessing "com/momo/merchants/util/PlayerUtil.java"

startProcessing "com/momo/merchants/util/Reference.java" md5: 642960afa80db57108ab7d1dc25cef14
endProcessing "com/momo/merchants/util/Reference.java"

startProcessing "com/momo/merchants/util/StringUtil.java" md5: a070003303417bc997be47f8c5586b0f
endProcessing "com/momo/merchants/util/StringUtil.java"

startProcessing "com/momo/merchants/util/Teleport.java" md5: c9a6170784116b480334bbcd5b9be190
endProcessing "com/momo/merchants/util/Teleport.java"

startProcessing "com/momo/merchants/util/sound/ModSoundEvent.java" md5: 3c864128a09d74fb5aa03facbdde502f
endProcessing "com/momo/merchants/util/sound/ModSoundEvent.java"

startProcessing "com/momo/merchants/world/biome/BiomeForDimOne.java" md5: 7f1bc1352c805ff560c2e104cdb2dea0
endProcessing "com/momo/merchants/world/biome/BiomeForDimOne.java"

startProcessing "com/momo/merchants/world/biome/BiomeOne.java" md5: 0fca4ebbb312d9caec1a7c14381b08bb
endProcessing "com/momo/merchants/world/biome/BiomeOne.java"

startProcessing "com/momo/merchants/world/dimension/DimensionOne.java" md5: 2a8b288b6cffbe7ec046ad8ae1b0ea04
endProcessing "com/momo/merchants/world/dimension/DimensionOne.java"

startProcessing "com/momo/merchants/world/dimension/hexcube/ChunkGeneratorHexCube16.java" md5: bb89f0eef86dfa61f967912d67ae2a9d
endProcessing "com/momo/merchants/world/dimension/hexcube/ChunkGeneratorHexCube16.java"

startProcessing "com/momo/merchants/world/dimension/hexcube/HexCubeHelper.java" md5: 0d353d608dc41476238571b27b4b8cbf
endProcessing "com/momo/merchants/world/dimension/hexcube/HexCubeHelper.java"

startProcessing "com/momo/merchants/world/dimension/hexcube/structure/GenCubeBase.java" md5: 0ff018788c8781c108e91f1170d4ec23
endProcessing "com/momo/merchants/world/dimension/hexcube/structure/GenCubeBase.java"

startProcessing "com/momo/merchants/world/dimension/hexcube/structure/GenCubeSoilRoom.java" md5: 452c54c93c481f4707bdffbe956643b1
endProcessing "com/momo/merchants/world/dimension/hexcube/structure/GenCubeSoilRoom.java"

startProcessing "com/momo/merchants/world/dimension/hexcube/structure/GenCubeTorchRoom.java" md5: f204d8db3a5c8e2c3522277a21626a5a
endProcessing "com/momo/merchants/world/dimension/hexcube/structure/GenCubeTorchRoom.java"

startProcessing "com/momo/merchants/world/dimension/hexcube/structure/GenCubeTreasure.java" md5: dee3d1e4d3828974f14352f995e40ca4
endProcessing "com/momo/merchants/world/dimension/hexcube/structure/GenCubeTreasure.java"

startProcessing "com/momo/merchants/world/dimension/hexcube/structure/GenCubeWoodRoom.java" md5: 9a6115d576adb5727be35514a7911fcd
endProcessing "com/momo/merchants/world/dimension/hexcube/structure/GenCubeWoodRoom.java"

startProcessing "com/momo/merchants/world/structure/ModGenStructure.java" md5: 0e64726e1710df1f71f436744c713287
endProcessing "com/momo/merchants/world/structure/ModGenStructure.java"

startProcessing "com/momo/merchants/world/structure/TestStructurePieces.java" md5: ad9a14196d322377b18d889953f30d38
endProcessing "com/momo/merchants/world/structure/TestStructurePieces.java"

startProcessing "com/momo/merchants/world/tree/WorldGenTestTree.java" md5: cf1b7fdb54e67872b8f0f22db2a00b01
endProcessing "com/momo/merchants/world/tree/WorldGenTestTree.java"

startProcessing "com/momo/merchants/world/types/WorldTypeCustom.java" md5: 9fe8f7fbeca02cd24172102b8f6a11b7
endProcessing "com/momo/merchants/world/types/WorldTypeCustom.java"

startProcessing "com/momo/merchants/world/types/WorldTypeOne.java" md5: d0704958784eed1a6041b52ffad3690e
endProcessing "com/momo/merchants/world/types/WorldTypeOne.java"

startProcessing "com/momo/merchants/world/types/layer/GenLayerCustom.java" md5: 0b4ea55f90c03376451769cb5458b669
endProcessing "com/momo/merchants/world/types/layer/GenLayerCustom.java"

startProcessing "com/momo/merchants/worldgen/ModWorldGenNew.java" md5: ba68541fd396855f2432f7f11d7d94ea
endProcessing "com/momo/merchants/worldgen/ModWorldGenNew.java"

startProcessing "com/momo/merchants/worldgen/ModWorldGenOld.java" md5: f5e98766e70973504fc2c1e0682eb97d
endProcessing "com/momo/merchants/worldgen/ModWorldGenOld.java"

